<?xml version="1.0" encoding="UTF-8"?>
<!-- Generated by org.testng.reporters.JUnitReportReporter -->
<testsuite skipped="0" hostname="Balaji" name="com.priority.Suite" tests="3" failures="0" timestamp="2022-08-11T17:39:04 IST" time="44.343" errors="0">
  <testcase name="tco1" time="0.241" classname="com.priority.Suite"/>
  <system-out/>
  <testcase name="tc02" time="42.534" classname="com.priority.Suite"/>
  <system-out/>
  <testcase name="fristname" time="1.568" classname="com.priority.Suite"/>
  <system-out/>
</testsuite> <!-- com.priority.Suite -->
