<?xml version="1.0" encoding="UTF-8"?>
<!-- Generated by org.testng.reporters.JUnitReportReporter -->
<testsuite skipped="0" hostname="Balaji" name="com.priority.TestNg" tests="2" failures="0" timestamp="2022-08-11T01:29:22 IST" time="0.016" errors="0">
  <testcase name="tc01" time="0.000" classname="com.priority.TestNg"/>
  <system-out/>
  <testcase name="tc02" time="0.016" classname="com.priority.TestNg"/>
  <system-out/>
</testsuite> <!-- com.priority.TestNg -->
