<?xml version="1.0" encoding="UTF-8"?>
<!-- Generated by org.testng.reporters.JUnitReportReporter -->
<testsuite skipped="0" hostname="Balaji" name="com.priority.PriorityTest" tests="3" failures="0" timestamp="2022-08-11T09:21:05 IST" time="0.025" errors="0">
  <testcase name="tc02" time="0.017" classname="com.priority.PriorityTest"/>
  <system-out/>
  <testcase name="tco3" time="0.004" classname="com.priority.PriorityTest"/>
  <system-out/>
  <testcase name="tc01" time="0.004" classname="com.priority.PriorityTest"/>
  <system-out/>
</testsuite> <!-- com.priority.PriorityTest -->
