<?xml version="1.0" encoding="UTF-8"?>
<!-- Generated by org.testng.reporters.JUnitReportReporter -->
<testsuite skipped="0" hostname="Balaji" name="com.priority.Parameter" tests="2" failures="0" timestamp="2022-08-11T09:14:26 IST" time="0.023" errors="0">
  <testcase name="tc02" time="0.005" classname="com.priority.Parameter"/>
  <system-out/>
  <testcase name="tc01" time="0.018" classname="com.priority.Parameter"/>
  <system-out/>
</testsuite> <!-- com.priority.Parameter -->
